<?xml version="1.0" encoding="UTF-8"?>
<!-- Generated by org.testng.reporters.JUnitReportReporter -->
<testsuite hostname="DESKTOP-ETDSQ7T" failures="0" tests="4" name="curs10.PriorityExample" time="0.009" errors="0" timestamp="2022-03-25T20:49:09 EET" skipped="0">
  <testcase classname="curs10.PriorityExample" name="abc" time="0.006"/>
  <system-out/>
  <testcase classname="curs10.PriorityExample" name="one" time="0.001"/>
  <system-out/>
  <testcase classname="curs10.PriorityExample" name="two" time="0.001"/>
  <system-out/>
  <testcase classname="curs10.PriorityExample" name="third" time="0.001"/>
  <system-out/>
</testsuite> <!-- curs10.PriorityExample -->
