<?xml version="1.0" encoding="UTF-8"?>
<!-- Generated by org.testng.reporters.JUnitReportReporter -->
<testsuite hostname="DESKTOP-ETDSQ7T" failures="0" tests="1" name="curs12.JsAlertsExample" time="3.106" errors="0" timestamp="2022-04-01T20:15:59 EEST" skipped="0">
  <testcase classname="curs12.JsAlertsExample" name="testJsAlert" time="3.106"/>
  <system-out/>
</testsuite> <!-- curs12.JsAlertsExample -->
