<?xml version="1.0" encoding="UTF-8"?>
<!-- Generated by org.testng.reporters.JUnitReportReporter -->
<testsuite hostname="DESKTOP-ETDSQ7T" failures="0" tests="7" name="curs11.SeleniumLocators" time="14.099" errors="0" timestamp="2022-03-29T21:37:19 EEST" skipped="0">
  <testcase classname="curs11.SeleniumLocators" name="linkTextLocator" time="1.153"/>
  <system-out/>
  <testcase classname="curs11.SeleniumLocators" name="partialLinkTextLocator" time="1.484"/>
  <system-out/>
  <testcase classname="curs11.SeleniumLocators" name="classNameLocator" time="0.099"/>
  <system-out/>
  <testcase classname="curs11.SeleniumLocators" name="idLocator" time="5.082"/>
  <system-out/>
  <testcase classname="curs11.SeleniumLocators" name="xpathLocator" time="0.076"/>
  <system-out/>
  <testcase classname="curs11.SeleniumLocators" name="nameLocator" time="6.136"/>
  <system-out/>
  <testcase classname="curs11.SeleniumLocators" name="cssSelector" time="0.069"/>
  <system-out/>
</testsuite> <!-- curs11.SeleniumLocators -->
