<?xml version="1.0" encoding="UTF-8"?>
<!-- Generated by org.testng.reporters.JUnitReportReporter -->
<testsuite hostname="DESKTOP-ETDSQ7T" failures="0" tests="2" name="curs12.FindElements" time="0.230" errors="0" timestamp="2022-04-01T19:43:03 EEST" skipped="0">
  <testcase classname="curs12.FindElements" name="testFindElements" time="0.214"/>
  <system-out/>
  <testcase classname="curs12.FindElements" name="testclickFindElements" time="0.016"/>
  <system-out/>
</testsuite> <!-- curs12.FindElements -->
