<?xml version="1.0" encoding="UTF-8"?>
<!-- Generated by org.testng.reporters.JUnitReportReporter -->
<testsuite hostname="DESKTOP-ETDSQ7T" failures="0" tests="2" name="curs10.BeforeAfterExample" time="0.007" errors="0" timestamp="2022-03-25T20:26:35 EET" skipped="0">
  <testcase classname="curs10.BeforeAfterExample" name="test2" time="0.001"/>
  <system-out/>
  <testcase classname="curs10.BeforeAfterExample" name="test1" time="0.006"/>
  <system-out/>
</testsuite> <!-- curs10.BeforeAfterExample -->
