<?xml version="1.0" encoding="UTF-8"?>
<!-- Generated by org.testng.reporters.JUnitReportReporter -->
<testsuite hostname="DESKTOP-ETDSQ7T" failures="0" tests="1" name="curs10.FistScript" time="10.010" errors="0" timestamp="2022-03-25T21:42:36 EET" skipped="0">
  <testcase classname="curs10.FistScript" name="checkPageTitle" time="10.010"/>
  <system-out/>
</testsuite> <!-- curs10.FistScript -->
