<?xml version="1.0" encoding="UTF-8"?>
<!-- Generated by org.testng.reporters.JUnitReportReporter -->
<testsuite hostname="DESKTOP-ETDSQ7T" failures="0" tests="1" name="curs9.TestExample" time="0.007" errors="0" timestamp="2022-03-22T20:00:56 EET" skipped="0">
  <testcase classname="curs9.TestExample" name="test1" time="0.007"/>
  <system-out/>
</testsuite> <!-- curs9.TestExample -->
