<?xml version="1.0" encoding="UTF-8"?>
<!-- Generated by org.testng.reporters.JUnitReportReporter -->
<testsuite hostname="DESKTOP-ETDSQ7T" failures="0" tests="3" name="curs10.TestAnnotationExample" time="0.008" errors="0" timestamp="2022-03-25T20:44:39 EET" skipped="0">
  <testcase classname="curs10.TestAnnotationExample" name="test2" time="0.001"/>
  <system-out/>
  <testcase classname="curs10.TestAnnotationExample" name="test3" time="0.000"/>
  <system-out/>
  <testcase classname="curs10.TestAnnotationExample" name="test1" time="0.007"/>
  <system-out/>
</testsuite> <!-- curs10.TestAnnotationExample -->
